<?xml version="1.0" encoding="UTF-8"?>
<testsuite name="JUnit Jupiter" tests="64" skipped="0" failures="0" errors="0" time="473" hostname="MacBookPro.lan" timestamp="2026-03-19T12:35:05">
<properties>
[...]
</properties>
<testcase name="junit_standard" classname="app.getxray.xray.it.import_results.XrayDatacenterIT" time="4" started-at="2026-03-19T12:28:56.69001" finished-at="2026-03-19T12:29:01.212551">
<system-out><![CDATA[
unique-id: [engine:junit-jupiter]/[class:app.getxray.xray.it.import_results.XrayDatacenterIT]/[method:junit_standard(com.soebes.itf.jupiter.maven.MavenExecutionResult)]
display-name: junit standard (DC)
]]></system-out>
<properties>
<property name="requirements" value="XMP-2"/>
<property name="test_summary" value="junit standard (DC)"/>
<property name="_dummy_" value=""/>
</properties>
</testcase>
<testcase name="junit_multipart_customize_test_issues" classname="app.getxray.xray.it.import_results.XrayCloudIT" time="4" started-at="2026-03-19T12:29:50.978834" finished-at="2026-03-19T12:29:55.798116">
<system-out><![CDATA[
unique-id: [engine:junit-jupiter]/[class:app.getxray.xray.it.import_results.XrayCloudIT]/[method:junit_multipart_customize_test_issues(com.soebes.itf.jupiter.maven.MavenExecutionResult)]
display-name: junit multipart customize test issues (cloud)
]]></system-out>
<properties>
<property name="requirements" value="XMP-3"/>
<property name="test_summary" value="junit multipart customize test issues (cloud)"/>
<property name="_dummy_" value=""/>
</properties>
</testcase>
<testcase name="single_feature" classname="app.getxray.xray.it.import_features.XrayCloudIT" time="5" started-at="2026-03-19T12:28:08.692389" finished-at="2026-03-19T12:28:13.940269">
<system-out><![CDATA[
unique-id: [engine:junit-jupiter]/[class:app.getxray.xray.it.import_features.XrayCloudIT]/[method:single_feature(com.soebes.itf.jupiter.maven.MavenExecutionResult)]
display-name: single feature (cloud)
]]></system-out>
<properties>
<property name="requirements" value="XMP-125"/>
<property name="test_summary" value="single feature (cloud)"/>
<property name="_dummy_" value=""/>
</properties>
</testcase>
<testcase name="single_feature_by_filterId" classname="app.getxray.xray.it.export_features.XrayCloudIT" time="4" started-at="2026-03-19T12:35:00.331516" finished-at="2026-03-19T12:35:04.903842">
<system-out><![CDATA[
unique-id: [engine:junit-jupiter]/[class:app.getxray.xray.it.export_features.XrayCloudIT]/[method:single_feature_by_filterId(com.soebes.itf.jupiter.maven.MavenExecutionResult)]
display-name: single feature by filter id (cloud)
]]></system-out>
<properties>
<property name="requirements" value="XMP-126"/>
<property name="test_summary" value="single feature by filter id (cloud)"/>
<property name="_dummy_" value=""/>
</properties>
</testcase>
<testcase name="xray_multipart" classname="app.getxray.xray.it.import_results.XrayDatacenterIT" time="4" started-at="2026-03-19T12:28:37.378461" finished-at="2026-03-19T12:28:42.009999">
<system-out><![CDATA[
unique-id: [engine:junit-jupiter]/[class:app.getxray.xray.it.import_results.XrayDatacenterIT]/[method:xray_multipart(com.soebes.itf.jupiter.maven.MavenExecutionResult)]
display-name: xray multipart (DC)
]]></system-out>
<properties>
<property name="requirements" value="XMP-140"/>
<property name="test_summary" value="xray multipart (DC)"/>
<property name="_dummy_" value=""/>
</properties>
</testcase>
<testcase name="below_default_timeout" classname="app.getxray.xray.it.import_results.TimeoutHandlingIT" time="53" started-at="2026-03-19T12:32:32.456851" finished-at="2026-03-19T12:33:25.904999">
<system-out><![CDATA[
unique-id: [engine:junit-jupiter]/[class:app.getxray.xray.it.import_results.TimeoutHandlingIT]/[method:below_default_timeout(com.soebes.itf.jupiter.maven.MavenExecutionResult)]
display-name: below_default_timeout(MavenExecutionResult)
]]></system-out>
<properties>
<property name="_dummy_" value=""/>
</properties>
</testcase>
<testcase name="junit_standard_using_personal_access_token" classname="app.getxray.xray.it.import_results.XrayDatacenterIT" time="4" started-at="2026-03-19T12:29:01.212933" finished-at="2026-03-19T12:29:05.772411">
<system-out><![CDATA[
unique-id: [engine:junit-jupiter]/[class:app.getxray.xray.it.import_results.XrayDatacenterIT]/[method:junit_standard_using_personal_access_token(com.soebes.itf.jupiter.maven.MavenExecutionResult)]
display-name: junit standard using personal access token (DC)
]]></system-out>
<properties>
<property name="requirements" value="XMP-2"/>
<property name="test_summary" value="junit standard using personal access token (DC)"/>
<property name="_dummy_" value=""/>
</properties>
</testcase>
<testcase name="single_feature" classname="app.getxray.xray.it.import_features.XrayDatacenterIT" time="4" started-at="2026-03-19T12:27:40.957282" finished-at="2026-03-19T12:27:45.724011">
<system-out><![CDATA[
unique-id: [engine:junit-jupiter]/[class:app.getxray.xray.it.import_features.XrayDatacenterIT]/[method:single_feature(com.soebes.itf.jupiter.maven.MavenExecutionResult)]
display-name: single feature (DC)
]]></system-out>
<properties>
<property name="requirements" value="XMP-125"/>
<property name="test_summary" value="single feature (DC)"/>
<property name="_dummy_" value=""/>
</properties>
</testcase>
<testcase name="cucumber_standard" classname="app.getxray.xray.it.import_results.XrayDatacenterIT" time="4" started-at="2026-03-19T12:28:28.476717" finished-at="2026-03-19T12:28:32.976124">
<system-out><![CDATA[
unique-id: [engine:junit-jupiter]/[class:app.getxray.xray.it.import_results.XrayDatacenterIT]/[method:cucumber_standard(com.soebes.itf.jupiter.maven.MavenExecutionResult)]
display-name: cucumber standard (DC)
]]></system-out>
<properties>
<property name="requirements" value="XMP-130"/>
<property name="test_summary" value="cucumber standard (DC)"/>
<property name="_dummy_" value=""/>
</properties>
</testcase>
<testcase name="multiple_features_update_testrepo" classname="app.getxray.xray.it.import_features.XrayDatacenterIT" time="5" started-at="2026-03-19T12:27:35.716187" finished-at="2026-03-19T12:27:40.956684">
<system-out><![CDATA[
unique-id: [engine:junit-jupiter]/[class:app.getxray.xray.it.import_features.XrayDatacenterIT]/[method:multiple_features_update_testrepo(com.soebes.itf.jupiter.maven.MavenExecutionResult)]
display-name: multiple features update testrepo (DC)
]]></system-out>
<properties>
<property name="requirements" value="XMP-125"/>
<property name="test_summary" value="multiple features update testrepo (DC)"/>
<property name="_dummy_" value=""/>
</properties>
</testcase>
<testcase name="nunit_standard" classname="app.getxray.xray.it.import_results.XrayDatacenterIT" time="4" started-at="2026-03-19T12:29:41.756566" finished-at="2026-03-19T12:29:46.197589">
<system-out><![CDATA[
unique-id: [engine:junit-jupiter]/[class:app.getxray.xray.it.import_results.XrayDatacenterIT]/[method:nunit_standard(com.soebes.itf.jupiter.maven.MavenExecutionResult)]
display-name: nunit standard (DC)
]]></system-out>
<properties>
<property name="requirements" value="XMP-133"/>
<property name="test_summary" value="nunit standard (DC)"/>
<property name="_dummy_" value=""/>
</properties>
</testcase>
<testcase name="robot_standard" classname="app.getxray.xray.it.import_results.XrayCloudIT" time="4" started-at="2026-03-19T12:29:46.216886" finished-at="2026-03-19T12:29:50.978468">
<system-out><![CDATA[
unique-id: [engine:junit-jupiter]/[class:app.getxray.xray.it.import_results.XrayCloudIT]/[method:robot_standard(com.soebes.itf.jupiter.maven.MavenExecutionResult)]
display-name: robot standard (cloud)
]]></system-out>
<properties>
<property name="requirements" value="XMP-137"/>
<property name="test_summary" value="robot standard (cloud)"/>
<property name="_dummy_" value=""/>
</properties>
</testcase>
<testcase name="nunit_standard" classname="app.getxray.xray.it.import_results.XrayCloudIT" time="4" started-at="2026-03-19T12:31:13.745194" finished-at="2026-03-19T12:31:18.382966">
<system-out><![CDATA[
unique-id: [engine:junit-jupiter]/[class:app.getxray.xray.it.import_results.XrayCloudIT]/[method:nunit_standard(com.soebes.itf.jupiter.maven.MavenExecutionResult)]
display-name: nunit standard (cloud)
]]></system-out>
<properties>
<property name="requirements" value="XMP-133"/>
<property name="test_summary" value="nunit standard (cloud)"/>
<property name="_dummy_" value=""/>
</properties>
</testcase>
<testcase name="junit_standard" classname="app.getxray.xray.it.import_results.XrayCloudIT" time="4" started-at="2026-03-19T12:30:29.770289" finished-at="2026-03-19T12:30:34.610435">
<system-out><![CDATA[
unique-id: [engine:junit-jupiter]/[class:app.getxray.xray.it.import_results.XrayCloudIT]/[method:junit_standard(com.soebes.itf.jupiter.maven.MavenExecutionResult)]
display-name: junit standard (cloud)
]]></system-out>
<properties>
<property name="requirements" value="XMP-2"/>
<property name="test_summary" value="junit standard (cloud)"/>
<property name="_dummy_" value=""/>
</properties>
</testcase>
<testcase name="robot_standard" classname="app.getxray.xray.it.import_results.XrayDatacenterIT" time="5" started-at="2026-03-19T12:28:13.956009" finished-at="2026-03-19T12:28:19.246167">
<system-out><![CDATA[
unique-id: [engine:junit-jupiter]/[class:app.getxray.xray.it.import_results.XrayDatacenterIT]/[method:robot_standard(com.soebes.itf.jupiter.maven.MavenExecutionResult)]
display-name: robot standard (DC)
]]></system-out>
<properties>
<property name="requirements" value="XMP-137"/>
<property name="test_summary" value="robot standard (DC)"/>
<property name="_dummy_" value=""/>
</properties>
</testcase>
<testcase name="multiple_features_from_directory" classname="app.getxray.xray.it.import_features.XrayCloudIT" time="5" started-at="2026-03-19T12:27:51.32197" finished-at="2026-03-19T12:27:56.919798">
<system-out><![CDATA[
unique-id: [engine:junit-jupiter]/[class:app.getxray.xray.it.import_features.XrayCloudIT]/[method:multiple_features_from_directory(com.soebes.itf.jupiter.maven.MavenExecutionResult)]
display-name: multiple features from directory (cloud)
]]></system-out>
<properties>
<property name="requirements" value="XMP-125"/>
<property name="test_summary" value="multiple features from directory (cloud)"/>
<property name="_dummy_" value=""/>
</properties>
</testcase>
<testcase name="multiple_features" classname="app.getxray.xray.it.import_features.XrayDatacenterIT" time="4" started-at="2026-03-19T12:27:30.882959" finished-at="2026-03-19T12:27:35.715701">
<system-out><![CDATA[
unique-id: [engine:junit-jupiter]/[class:app.getxray.xray.it.import_features.XrayDatacenterIT]/[method:multiple_features(com.soebes.itf.jupiter.maven.MavenExecutionResult)]
display-name: multiple features (DC)
]]></system-out>
<properties>
<property name="requirements" value="XMP-125"/>
<property name="test_summary" value="multiple features (DC)"/>
<property name="_dummy_" value=""/>
</properties>
</testcase>
<testcase name="single_feature_custom_test_precondition_info" classname="app.getxray.xray.it.import_features.XrayCloudIT" time="5" started-at="2026-03-19T12:27:45.87848" finished-at="2026-03-19T12:27:51.321532">
<system-out><![CDATA[
unique-id: [engine:junit-jupiter]/[class:app.getxray.xray.it.import_features.XrayCloudIT]/[method:single_feature_custom_test_precondition_info(com.soebes.itf.jupiter.maven.MavenExecutionResult)]
display-name: single feature custom test precondition info (cloud)
]]></system-out>
<properties>
<property name="requirements" value="XMP-125"/>
<property name="test_summary" value="single feature custom test precondition info (cloud)"/>
<property name="_dummy_" value=""/>
</properties>
</testcase>
<testcase name="single_feature_using_personal_access_token" classname="app.getxray.xray.it.import_features.XrayDatacenterIT" time="4" started-at="2026-03-19T12:27:25.937067" finished-at="2026-03-19T12:27:30.882372">
<system-out><![CDATA[
unique-id: [engine:junit-jupiter]/[class:app.getxray.xray.it.import_features.XrayDatacenterIT]/[method:single_feature_using_personal_access_token(com.soebes.itf.jupiter.maven.MavenExecutionResult)]
display-name: single feature using personal access token (DC)
]]></system-out>
<properties>
<property name="requirements" value="XMP-125"/>
<property name="test_summary" value="single feature using personal access token (DC)"/>
<property name="_dummy_" value=""/>
</properties>
</testcase>
<testcase name="nunit_multipart" classname="app.getxray.xray.it.import_results.XrayCloudIT" time="5" started-at="2026-03-19T12:30:49.699217" finished-at="2026-03-19T12:30:54.744047">
<system-out><![CDATA[
unique-id: [engine:junit-jupiter]/[class:app.getxray.xray.it.import_results.XrayCloudIT]/[method:nunit_multipart(com.soebes.itf.jupiter.maven.MavenExecutionResult)]
display-name: nunit multipart (cloud)
]]></system-out>
<properties>
<property name="requirements" value="XMP-134"/>
<property name="test_summary" value="nunit multipart (cloud)"/>
<property name="_dummy_" value=""/>
</properties>
</testcase>
<testcase name="xunit_standard" classname="app.getxray.xray.it.import_results.XrayCloudIT" time="4" started-at="2026-03-19T12:30:45.165661" finished-at="2026-03-19T12:30:49.698846">
<system-out><![CDATA[
unique-id: [engine:junit-jupiter]/[class:app.getxray.xray.it.import_results.XrayCloudIT]/[method:xunit_standard(com.soebes.itf.jupiter.maven.MavenExecutionResult)]
display-name: xunit standard (cloud)
]]></system-out>
<properties>
<property name="requirements" value="XMP-128"/>
<property name="test_summary" value="xunit standard (cloud)"/>
<property name="_dummy_" value=""/>
</properties>
</testcase>
<testcase name="exceed_default_timeout" classname="app.getxray.xray.it.import_results.TimeoutHandlingIT" time="55" started-at="2026-03-19T12:33:25.90531" finished-at="2026-03-19T12:34:21.665959">
<system-out><![CDATA[
unique-id: [engine:junit-jupiter]/[class:app.getxray.xray.it.import_results.TimeoutHandlingIT]/[method:exceed_default_timeout(com.soebes.itf.jupiter.maven.MavenExecutionResult)]
display-name: exceed_default_timeout(MavenExecutionResult)
]]></system-out>
<properties>
<property name="_dummy_" value=""/>
</properties>
</testcase>
<testcase name="single_feature_by_issueKeys_eu_region" classname="app.getxray.xray.it.export_features.XrayCloudIT" time="4" started-at="2026-03-19T12:34:55.484621" finished-at="2026-03-19T12:35:00.331225">
<system-out><![CDATA[
unique-id: [engine:junit-jupiter]/[class:app.getxray.xray.it.export_features.XrayCloudIT]/[method:single_feature_by_issueKeys_eu_region(com.soebes.itf.jupiter.maven.MavenExecutionResult)]
display-name: single feature by issue keys eu region (cloud)
]]></system-out>
<properties>
<property name="requirements" value="XMP-126"/>
<property name="test_summary" value="single feature by issue keys eu region (cloud)"/>
<property name="_dummy_" value=""/>
</properties>
</testcase>
<testcase name="xunit_multipart" classname="app.getxray.xray.it.import_results.XrayCloudIT" time="4" started-at="2026-03-19T12:30:20.135105" finished-at="2026-03-19T12:30:25.013044">
<system-out><![CDATA[
unique-id: [engine:junit-jupiter]/[class:app.getxray.xray.it.import_results.XrayCloudIT]/[method:xunit_multipart(com.soebes.itf.jupiter.maven.MavenExecutionResult)]
display-name: xunit multipart (cloud)
]]></system-out>
<properties>
<property name="requirements" value="XMP-129"/>
<property name="test_summary" value="xunit multipart (cloud)"/>
<property name="_dummy_" value=""/>
</properties>
</testcase>
<testcase name="robot_multipart" classname="app.getxray.xray.it.import_results.XrayCloudIT" time="4" started-at="2026-03-19T12:31:04.219809" finished-at="2026-03-19T12:31:09.00444">
<system-out><![CDATA[
unique-id: [engine:junit-jupiter]/[class:app.getxray.xray.it.import_results.XrayCloudIT]/[method:robot_multipart(com.soebes.itf.jupiter.maven.MavenExecutionResult)]
display-name: robot multipart (cloud)
]]></system-out>
<properties>
<property name="requirements" value="XMP-138"/>
<property name="test_summary" value="robot multipart (cloud)"/>
<property name="_dummy_" value=""/>
</properties>
</testcase>
<testcase name="multiple_features_from_directory" classname="app.getxray.xray.it.import_features.XrayDatacenterIT" time="5" started-at="2026-03-19T12:27:20.421817" finished-at="2026-03-19T12:27:25.935713">
<system-out><![CDATA[
unique-id: [engine:junit-jupiter]/[class:app.getxray.xray.it.import_features.XrayDatacenterIT]/[method:multiple_features_from_directory(com.soebes.itf.jupiter.maven.MavenExecutionResult)]
display-name: multiple features from directory (DC)
]]></system-out>
<properties>
<property name="requirements" value="XMP-125"/>
<property name="test_summary" value="multiple features from directory (DC)"/>
<property name="_dummy_" value=""/>
</properties>
</testcase>
<testcase name="single_feature_by_filterId" classname="app.getxray.xray.it.export_features.XrayDatacenterIT" time="5" started-at="2026-03-19T12:34:40.776993" finished-at="2026-03-19T12:34:45.854087">
<system-out><![CDATA[
unique-id: [engine:junit-jupiter]/[class:app.getxray.xray.it.export_features.XrayDatacenterIT]/[method:single_feature_by_filterId(com.soebes.itf.jupiter.maven.MavenExecutionResult)]
display-name: single feature by filter id (DC)
]]></system-out>
<properties>
<property name="requirements" value="XMP-126"/>
<property name="test_summary" value="single feature by filter id (DC)"/>
<property name="_dummy_" value=""/>
</properties>
</testcase>
<testcase name="single_feature_by_issueKeys" classname="app.getxray.xray.it.export_features.XrayCloudIT" time="5" started-at="2026-03-19T12:34:50.302741" finished-at="2026-03-19T12:34:55.484336">
<system-out><![CDATA[
unique-id: [engine:junit-jupiter]/[class:app.getxray.xray.it.export_features.XrayCloudIT]/[method:single_feature_by_issueKeys(com.soebes.itf.jupiter.maven.MavenExecutionResult)]
display-name: single feature by issue keys (cloud)
]]></system-out>
<properties>
<property name="requirements" value="XMP-126"/>
<property name="test_summary" value="single feature by issue keys (cloud)"/>
<property name="_dummy_" value=""/>
</properties>
</testcase>
<testcase name="behave_multipart" classname="app.getxray.xray.it.import_results.XrayDatacenterIT" time="4" started-at="2026-03-19T12:28:24.032289" finished-at="2026-03-19T12:28:28.476355">
<system-out><![CDATA[
unique-id: [engine:junit-jupiter]/[class:app.getxray.xray.it.import_results.XrayDatacenterIT]/[method:behave_multipart(com.soebes.itf.jupiter.maven.MavenExecutionResult)]
display-name: behave multipart (DC)
]]></system-out>
<properties>
<property name="requirements" value="XMP-136"/>
<property name="test_summary" value="behave multipart (DC)"/>
<property name="_dummy_" value=""/>
</properties>
</testcase>
<testcase name="junit_multipart_customize_test_issues" classname="app.getxray.xray.it.import_results.XrayDatacenterIT" time="4" started-at="2026-03-19T12:28:19.247624" finished-at="2026-03-19T12:28:24.031857">
<system-out><![CDATA[
unique-id: [engine:junit-jupiter]/[class:app.getxray.xray.it.import_results.XrayDatacenterIT]/[method:junit_multipart_customize_test_issues(com.soebes.itf.jupiter.maven.MavenExecutionResult)]
display-name: junit multipart customize test issues (DC)
]]></system-out>
<properties>
<property name="requirements" value="XMP-3"/>
<property name="test_summary" value="junit multipart customize test issues (DC)"/>
<property name="_dummy_" value=""/>
</properties>
</testcase>
<testcase name="junit_standard_using_directory" classname="app.getxray.xray.it.import_results.XrayDatacenterIT" time="4" started-at="2026-03-19T12:29:28.041967" finished-at="2026-03-19T12:29:32.545243">
<system-out><![CDATA[
unique-id: [engine:junit-jupiter]/[class:app.getxray.xray.it.import_results.XrayDatacenterIT]/[method:junit_standard_using_directory(com.soebes.itf.jupiter.maven.MavenExecutionResult)]
display-name: junit standard using directory (DC)
]]></system-out>
<properties>
<property name="requirements" value="XMP-2"/>
<property name="test_summary" value="junit standard using directory (DC)"/>
<property name="_dummy_" value=""/>
</properties>
</testcase>
<testcase name="single_feature_custom_test_precondition_info" classname="app.getxray.xray.it.import_features.XrayDatacenterIT" time="6" started-at="2026-03-19T12:27:13.719439" finished-at="2026-03-19T12:27:20.421144">
<system-out><![CDATA[
unique-id: [engine:junit-jupiter]/[class:app.getxray.xray.it.import_features.XrayDatacenterIT]/[method:single_feature_custom_test_precondition_info(com.soebes.itf.jupiter.maven.MavenExecutionResult)]
display-name: single feature custom test precondition info (DC)
]]></system-out>
<properties>
<property name="requirements" value="XMP-125"/>
<property name="test_summary" value="single feature custom test precondition info (DC)"/>
<property name="_dummy_" value=""/>
</properties>
</testcase>
<testcase name="junit_multipart" classname="app.getxray.xray.it.import_results.XrayDatacenterIT" time="5" started-at="2026-03-19T12:28:51.416697" finished-at="2026-03-19T12:28:56.689604">
<system-out><![CDATA[
unique-id: [engine:junit-jupiter]/[class:app.getxray.xray.it.import_results.XrayDatacenterIT]/[method:junit_multipart(com.soebes.itf.jupiter.maven.MavenExecutionResult)]
display-name: junit multipart (DC)
]]></system-out>
<properties>
<property name="requirements" value="XMP-3"/>
<property name="test_summary" value="junit multipart (DC)"/>
<property name="_dummy_" value=""/>
</properties>
</testcase>
<testcase name="testng_standard" classname="app.getxray.xray.it.import_results.XrayCloudIT" time="5" started-at="2026-03-19T12:30:39.822966" finished-at="2026-03-19T12:30:45.165362">
<system-out><![CDATA[
unique-id: [engine:junit-jupiter]/[class:app.getxray.xray.it.import_results.XrayCloudIT]/[method:testng_standard(com.soebes.itf.jupiter.maven.MavenExecutionResult)]
display-name: testng standard (cloud)
]]></system-out>
<properties>
<property name="requirements" value="XMP-4"/>
<property name="test_summary" value="testng standard (cloud)"/>
<property name="_dummy_" value=""/>
</properties>
</testcase>
<testcase name="behave_standard" classname="app.getxray.xray.it.import_results.XrayCloudIT" time="4" started-at="2026-03-19T12:30:05.457701" finished-at="2026-03-19T12:30:10.065848">
<system-out><![CDATA[
unique-id: [engine:junit-jupiter]/[class:app.getxray.xray.it.import_results.XrayCloudIT]/[method:behave_standard(com.soebes.itf.jupiter.maven.MavenExecutionResult)]
display-name: behave standard (cloud)
]]></system-out>
<properties>
<property name="requirements" value="XMP-135"/>
<property name="test_summary" value="behave standard (cloud)"/>
<property name="_dummy_" value=""/>
</properties>
</testcase>
<testcase name="robot_multipart" classname="app.getxray.xray.it.import_results.XrayDatacenterIT" time="4" started-at="2026-03-19T12:29:32.545616" finished-at="2026-03-19T12:29:37.168713">
<system-out><![CDATA[
unique-id: [engine:junit-jupiter]/[class:app.getxray.xray.it.import_results.XrayDatacenterIT]/[method:robot_multipart(com.soebes.itf.jupiter.maven.MavenExecutionResult)]
display-name: robot multipart (DC)
]]></system-out>
<properties>
<property name="requirements" value="XMP-138"/>
<property name="test_summary" value="robot multipart (DC)"/>
<property name="_dummy_" value=""/>
</properties>
</testcase>
<testcase name="xray_standard_with_verbose_mode" classname="app.getxray.xray.it.import_results.XrayCloudIT" time="5" started-at="2026-03-19T12:30:34.61073" finished-at="2026-03-19T12:30:39.822626">
<system-out><![CDATA[
unique-id: [engine:junit-jupiter]/[class:app.getxray.xray.it.import_results.XrayCloudIT]/[method:xray_standard_with_verbose_mode(com.soebes.itf.jupiter.maven.MavenExecutionResult)]
display-name: xray standard with verbose mode (cloud)
]]></system-out>
<properties>
<property name="requirements" value="XMP-132"/>
<property name="test_summary" value="xray standard with verbose mode (cloud)"/>
<property name="_dummy_" value=""/>
</properties>
</testcase>
<testcase name="cucumber_multipart" classname="app.getxray.xray.it.import_results.XrayCloudIT" time="4" started-at="2026-03-19T12:30:54.744351" finished-at="2026-03-19T12:30:59.652647">
<system-out><![CDATA[
unique-id: [engine:junit-jupiter]/[class:app.getxray.xray.it.import_results.XrayCloudIT]/[method:cucumber_multipart(com.soebes.itf.jupiter.maven.MavenExecutionResult)]
display-name: cucumber multipart (cloud)
]]></system-out>
<properties>
<property name="requirements" value="XMP-131"/>
<property name="test_summary" value="cucumber multipart (cloud)"/>
<property name="_dummy_" value=""/>
</properties>
</testcase>
<testcase name="testng_standard" classname="app.getxray.xray.it.import_results.XrayDatacenterIT" time="4" started-at="2026-03-19T12:29:10.229435" finished-at="2026-03-19T12:29:14.724334">
<system-out><![CDATA[
unique-id: [engine:junit-jupiter]/[class:app.getxray.xray.it.import_results.XrayDatacenterIT]/[method:testng_standard(com.soebes.itf.jupiter.maven.MavenExecutionResult)]
display-name: testng standard (DC)
]]></system-out>
<properties>
<property name="requirements" value="XMP-4"/>
<property name="test_summary" value="testng standard (DC)"/>
<property name="_dummy_" value=""/>
</properties>
</testcase>
<testcase name="single_feature_eu_region" classname="app.getxray.xray.it.import_features.XrayCloudIT" time="6" started-at="2026-03-19T12:28:02.040547" finished-at="2026-03-19T12:28:08.691875">
<system-out><![CDATA[
unique-id: [engine:junit-jupiter]/[class:app.getxray.xray.it.import_features.XrayCloudIT]/[method:single_feature_eu_region(com.soebes.itf.jupiter.maven.MavenExecutionResult)]
display-name: single feature eu region (cloud)
]]></system-out>
<properties>
<property name="requirements" value="XMP-125"/>
<property name="test_summary" value="single feature eu region (cloud)"/>
<property name="_dummy_" value=""/>
</properties>
</testcase>
<testcase name="cucumber_multipart" classname="app.getxray.xray.it.import_results.XrayDatacenterIT" time="4" started-at="2026-03-19T12:29:23.623979" finished-at="2026-03-19T12:29:28.041538">
<system-out><![CDATA[
unique-id: [engine:junit-jupiter]/[class:app.getxray.xray.it.import_results.XrayDatacenterIT]/[method:cucumber_multipart(com.soebes.itf.jupiter.maven.MavenExecutionResult)]
display-name: cucumber multipart (DC)
]]></system-out>
<properties>
<property name="requirements" value="XMP-131"/>
<property name="test_summary" value="cucumber multipart (DC)"/>
<property name="_dummy_" value=""/>
</properties>
</testcase>
<testcase name="below_default_timeout_cloud" classname="app.getxray.xray.it.import_results.TimeoutHandlingIT" time="7" started-at="2026-03-19T12:32:24.835081" finished-at="2026-03-19T12:32:32.45656">
<system-out><![CDATA[
unique-id: [engine:junit-jupiter]/[class:app.getxray.xray.it.import_results.TimeoutHandlingIT]/[method:below_default_timeout_cloud(com.soebes.itf.jupiter.maven.MavenExecutionResult)]
display-name: below_default_timeout_cloud(MavenExecutionResult)
]]></system-out>
<properties>
<property name="_dummy_" value=""/>
</properties>
</testcase>
<testcase name="behave_standard" classname="app.getxray.xray.it.import_results.XrayDatacenterIT" time="4" started-at="2026-03-19T12:28:32.976458" finished-at="2026-03-19T12:28:37.378097">
<system-out><![CDATA[
unique-id: [engine:junit-jupiter]/[class:app.getxray.xray.it.import_results.XrayDatacenterIT]/[method:behave_standard(com.soebes.itf.jupiter.maven.MavenExecutionResult)]
display-name: behave standard (DC)
]]></system-out>
<properties>
<property name="requirements" value="XMP-135"/>
<property name="test_summary" value="behave standard (DC)"/>
<property name="_dummy_" value=""/>
</properties>
</testcase>
<testcase name="testng_multipart" classname="app.getxray.xray.it.import_results.XrayDatacenterIT" time="4" started-at="2026-03-19T12:28:42.010423" finished-at="2026-03-19T12:28:46.729891">
<system-out><![CDATA[
unique-id: [engine:junit-jupiter]/[class:app.getxray.xray.it.import_results.XrayDatacenterIT]/[method:testng_multipart(com.soebes.itf.jupiter.maven.MavenExecutionResult)]
display-name: testng multipart (DC)
]]></system-out>
<properties>
<property name="requirements" value="XMP-139"/>
<property name="test_summary" value="testng multipart (DC)"/>
<property name="_dummy_" value=""/>
</properties>
</testcase>
<testcase name="xray_standard" classname="app.getxray.xray.it.import_results.XrayDatacenterIT" time="4" started-at="2026-03-19T12:29:37.169086" finished-at="2026-03-19T12:29:41.756227">
<system-out><![CDATA[
unique-id: [engine:junit-jupiter]/[class:app.getxray.xray.it.import_results.XrayDatacenterIT]/[method:xray_standard(com.soebes.itf.jupiter.maven.MavenExecutionResult)]
display-name: xray standard (DC)
]]></system-out>
<properties>
<property name="requirements" value="XMP-132"/>
<property name="test_summary" value="xray standard (DC)"/>
<property name="_dummy_" value=""/>
</properties>
</testcase>
<testcase name="xray_standard" classname="app.getxray.xray.it.import_results.XrayCloudIT" time="4" started-at="2026-03-19T12:31:09.004878" finished-at="2026-03-19T12:31:13.744916">
<system-out><![CDATA[
unique-id: [engine:junit-jupiter]/[class:app.getxray.xray.it.import_results.XrayCloudIT]/[method:xray_standard(com.soebes.itf.jupiter.maven.MavenExecutionResult)]
display-name: xray standard (cloud)
]]></system-out>
<properties>
<property name="requirements" value="XMP-132"/>
<property name="test_summary" value="xray standard (cloud)"/>
<property name="_dummy_" value=""/>
</properties>
</testcase>
<testcase name="exceed_default_timeout_cloud" classname="app.getxray.xray.it.import_results.TimeoutHandlingIT" time="54" started-at="2026-03-19T12:31:30.306157" finished-at="2026-03-19T12:32:24.834813">
<system-out><![CDATA[
unique-id: [engine:junit-jupiter]/[class:app.getxray.xray.it.import_results.TimeoutHandlingIT]/[method:exceed_default_timeout_cloud(com.soebes.itf.jupiter.maven.MavenExecutionResult)]
display-name: exceed_default_timeout_cloud(MavenExecutionResult)
]]></system-out>
<properties>
<property name="_dummy_" value=""/>
</properties>
</testcase>
<testcase name="testng_multipart" classname="app.getxray.xray.it.import_results.XrayCloudIT" time="4" started-at="2026-03-19T12:30:15.302964" finished-at="2026-03-19T12:30:20.134805">
<system-out><![CDATA[
unique-id: [engine:junit-jupiter]/[class:app.getxray.xray.it.import_results.XrayCloudIT]/[method:testng_multipart(com.soebes.itf.jupiter.maven.MavenExecutionResult)]
display-name: testng multipart (cloud)
]]></system-out>
<properties>
<property name="requirements" value="XMP-139"/>
<property name="test_summary" value="testng multipart (cloud)"/>
<property name="_dummy_" value=""/>
</properties>
</testcase>
<testcase name="xray_standard_eu_region" classname="app.getxray.xray.it.import_results.XrayCloudIT" time="4" started-at="2026-03-19T12:30:59.652929" finished-at="2026-03-19T12:31:04.219505">
<system-out><![CDATA[
unique-id: [engine:junit-jupiter]/[class:app.getxray.xray.it.import_results.XrayCloudIT]/[method:xray_standard_eu_region(com.soebes.itf.jupiter.maven.MavenExecutionResult)]
display-name: xray standard eu region (cloud)
]]></system-out>
<properties>
<property name="requirements" value="XMP-132"/>
<property name="test_summary" value="xray standard eu region (cloud)"/>
<property name="_dummy_" value=""/>
</properties>
</testcase>
<testcase name="exceed_configured_timeout_cloud" classname="app.getxray.xray.it.import_results.TimeoutHandlingIT" time="6" started-at="2026-03-19T12:34:28.325407" finished-at="2026-03-19T12:34:35.034664">
<system-out><![CDATA[
unique-id: [engine:junit-jupiter]/[class:app.getxray.xray.it.import_results.TimeoutHandlingIT]/[method:exceed_configured_timeout_cloud(com.soebes.itf.jupiter.maven.MavenExecutionResult)]
display-name: exceed_configured_timeout_cloud(MavenExecutionResult)
]]></system-out>
<properties>
<property name="_dummy_" value=""/>
</properties>
</testcase>
<testcase name="behave_multipart" classname="app.getxray.xray.it.import_results.XrayCloudIT" time="4" started-at="2026-03-19T12:29:55.79844" finished-at="2026-03-19T12:30:00.573042">
<system-out><![CDATA[
unique-id: [engine:junit-jupiter]/[class:app.getxray.xray.it.import_results.XrayCloudIT]/[method:behave_multipart(com.soebes.itf.jupiter.maven.MavenExecutionResult)]
display-name: behave multipart (cloud)
]]></system-out>
<properties>
<property name="requirements" value="XMP-136"/>
<property name="test_summary" value="behave multipart (cloud)"/>
<property name="_dummy_" value=""/>
</properties>
</testcase>
<testcase name="junit_multipart" classname="app.getxray.xray.it.import_results.XrayCloudIT" time="4" started-at="2026-03-19T12:30:25.013354" finished-at="2026-03-19T12:30:29.769988">
<system-out><![CDATA[
unique-id: [engine:junit-jupiter]/[class:app.getxray.xray.it.import_results.XrayCloudIT]/[method:junit_multipart(com.soebes.itf.jupiter.maven.MavenExecutionResult)]
display-name: junit multipart (cloud)
]]></system-out>
<properties>
<property name="requirements" value="XMP-3"/>
<property name="test_summary" value="junit multipart (cloud)"/>
<property name="_dummy_" value=""/>
</properties>
</testcase>
<testcase name="below_configured_timeout_cloud" classname="app.getxray.xray.it.import_results.TimeoutHandlingIT" time="6" started-at="2026-03-19T12:34:21.668134" finished-at="2026-03-19T12:34:28.325014">
<system-out><![CDATA[
unique-id: [engine:junit-jupiter]/[class:app.getxray.xray.it.import_results.TimeoutHandlingIT]/[method:below_configured_timeout_cloud(com.soebes.itf.jupiter.maven.MavenExecutionResult)]
display-name: below_configured_timeout_cloud(MavenExecutionResult)
]]></system-out>
<properties>
<property name="_dummy_" value=""/>
</properties>
</testcase>
<testcase name="multiple_features" classname="app.getxray.xray.it.import_features.XrayCloudIT" time="5" started-at="2026-03-19T12:27:56.920294" finished-at="2026-03-19T12:28:02.040082">
<system-out><![CDATA[
unique-id: [engine:junit-jupiter]/[class:app.getxray.xray.it.import_features.XrayCloudIT]/[method:multiple_features(com.soebes.itf.jupiter.maven.MavenExecutionResult)]
display-name: multiple features (cloud)
]]></system-out>
<properties>
<property name="requirements" value="XMP-125"/>
<property name="test_summary" value="multiple features (cloud)"/>
<property name="_dummy_" value=""/>
</properties>
</testcase>
<testcase name="xunit_standard" classname="app.getxray.xray.it.import_results.XrayDatacenterIT" time="4" started-at="2026-03-19T12:29:14.724686" finished-at="2026-03-19T12:29:19.187198">
<system-out><![CDATA[
unique-id: [engine:junit-jupiter]/[class:app.getxray.xray.it.import_results.XrayDatacenterIT]/[method:xunit_standard(com.soebes.itf.jupiter.maven.MavenExecutionResult)]
display-name: xunit standard (DC)
]]></system-out>
<properties>
<property name="requirements" value="XMP-128"/>
<property name="test_summary" value="xunit standard (DC)"/>
<property name="_dummy_" value=""/>
</properties>
</testcase>
<testcase name="single_feature_by_issueKeys" classname="app.getxray.xray.it.export_features.XrayDatacenterIT" time="5" started-at="2026-03-19T12:34:35.567952" finished-at="2026-03-19T12:34:40.776692">
<system-out><![CDATA[
unique-id: [engine:junit-jupiter]/[class:app.getxray.xray.it.export_features.XrayDatacenterIT]/[method:single_feature_by_issueKeys(com.soebes.itf.jupiter.maven.MavenExecutionResult)]
display-name: single feature by issue keys (DC)
]]></system-out>
<properties>
<property name="requirements" value="XMP-126"/>
<property name="test_summary" value="single feature by issue keys (DC)"/>
<property name="_dummy_" value=""/>
</properties>
</testcase>
<testcase name="single_feature_by_issueKeys_using_personal_access_token" classname="app.getxray.xray.it.export_features.XrayDatacenterIT" time="4" started-at="2026-03-19T12:34:45.854362" finished-at="2026-03-19T12:34:50.285506">
<system-out><![CDATA[
unique-id: [engine:junit-jupiter]/[class:app.getxray.xray.it.export_features.XrayDatacenterIT]/[method:single_feature_by_issueKeys_using_personal_access_token(com.soebes.itf.jupiter.maven.MavenExecutionResult)]
display-name: single feature by issue keys using personal access token (DC)
]]></system-out>
<properties>
<property name="requirements" value="XMP-126"/>
<property name="test_summary" value="single feature by issue keys using personal access token (DC)"/>
<property name="_dummy_" value=""/>
</properties>
</testcase>
<testcase name="below_configured_timeout" classname="app.getxray.xray.it.import_results.TimeoutHandlingIT" time="5" started-at="2026-03-19T12:31:24.948709" finished-at="2026-03-19T12:31:30.305855">
<system-out><![CDATA[
unique-id: [engine:junit-jupiter]/[class:app.getxray.xray.it.import_results.TimeoutHandlingIT]/[method:below_configured_timeout(com.soebes.itf.jupiter.maven.MavenExecutionResult)]
display-name: below_configured_timeout(MavenExecutionResult)
]]></system-out>
<properties>
<property name="_dummy_" value=""/>
</properties>
</testcase>
<testcase name="xunit_multipart" classname="app.getxray.xray.it.import_results.XrayDatacenterIT" time="4" started-at="2026-03-19T12:28:46.730269" finished-at="2026-03-19T12:28:51.416253">
<system-out><![CDATA[
unique-id: [engine:junit-jupiter]/[class:app.getxray.xray.it.import_results.XrayDatacenterIT]/[method:xunit_multipart(com.soebes.itf.jupiter.maven.MavenExecutionResult)]
display-name: xunit multipart (DC)
]]></system-out>
<properties>
<property name="requirements" value="XMP-129"/>
<property name="test_summary" value="xunit multipart (DC)"/>
<property name="_dummy_" value=""/>
</properties>
</testcase>
<testcase name="exceed_configured_timeout" classname="app.getxray.xray.it.import_results.TimeoutHandlingIT" time="6" started-at="2026-03-19T12:31:18.398726" finished-at="2026-03-19T12:31:24.948321">
<system-out><![CDATA[
unique-id: [engine:junit-jupiter]/[class:app.getxray.xray.it.import_results.TimeoutHandlingIT]/[method:exceed_configured_timeout(com.soebes.itf.jupiter.maven.MavenExecutionResult)]
display-name: exceed_configured_timeout(MavenExecutionResult)
]]></system-out>
<properties>
<property name="_dummy_" value=""/>
</properties>
</testcase>
<testcase name="nunit_multipart" classname="app.getxray.xray.it.import_results.XrayDatacenterIT" time="4" started-at="2026-03-19T12:29:19.187569" finished-at="2026-03-19T12:29:23.623591">
<system-out><![CDATA[
unique-id: [engine:junit-jupiter]/[class:app.getxray.xray.it.import_results.XrayDatacenterIT]/[method:nunit_multipart(com.soebes.itf.jupiter.maven.MavenExecutionResult)]
display-name: nunit multipart (DC)
]]></system-out>
<properties>
<property name="requirements" value="XMP-134"/>
<property name="test_summary" value="nunit multipart (DC)"/>
<property name="_dummy_" value=""/>
</properties>
</testcase>
<testcase name="cucumber_standard" classname="app.getxray.xray.it.import_results.XrayCloudIT" time="4" started-at="2026-03-19T12:30:00.573343" finished-at="2026-03-19T12:30:05.457395">
<system-out><![CDATA[
unique-id: [engine:junit-jupiter]/[class:app.getxray.xray.it.import_results.XrayCloudIT]/[method:cucumber_standard(com.soebes.itf.jupiter.maven.MavenExecutionResult)]
display-name: cucumber standard (cloud)
]]></system-out>
<properties>
<property name="requirements" value="XMP-130"/>
<property name="test_summary" value="cucumber standard (cloud)"/>
<property name="_dummy_" value=""/>
</properties>
</testcase>
<testcase name="xray_multipart" classname="app.getxray.xray.it.import_results.XrayCloudIT" time="5" started-at="2026-03-19T12:30:10.066146" finished-at="2026-03-19T12:30:15.302661">
<system-out><![CDATA[
unique-id: [engine:junit-jupiter]/[class:app.getxray.xray.it.import_results.XrayCloudIT]/[method:xray_multipart(com.soebes.itf.jupiter.maven.MavenExecutionResult)]
display-name: xray multipart (cloud)
]]></system-out>
<properties>
<property name="requirements" value="XMP-140"/>
<property name="test_summary" value="xray multipart (cloud)"/>
<property name="_dummy_" value=""/>
</properties>
</testcase>
<testcase name="xray_standard_with_verbose_mode" classname="app.getxray.xray.it.import_results.XrayDatacenterIT" time="4" started-at="2026-03-19T12:29:05.772967" finished-at="2026-03-19T12:29:10.229053">
<system-out><![CDATA[
unique-id: [engine:junit-jupiter]/[class:app.getxray.xray.it.import_results.XrayDatacenterIT]/[method:xray_standard_with_verbose_mode(com.soebes.itf.jupiter.maven.MavenExecutionResult)]
display-name: xray standard with verbose mode (DC)
]]></system-out>
<properties>
<property name="requirements" value="XMP-231"/>
<property name="test_summary" value="xray standard with verbose mode (DC)"/>
<property name="_dummy_" value=""/>
</properties>
</testcase>
<system-out><![CDATA[
unique-id: [engine:junit-jupiter]
display-name: JUnit Jupiter
]]></system-out>
</testsuite>
