<?xml version="1.0" encoding="UTF-8"?>
<testsuite name="JUnit Jupiter" tests="64" skipped="0" failures="0" errors="0" time="623" hostname="MacBookPro.lan" timestamp="2026-03-19T11:33:49">
<properties>
[...]
</properties>
<testcase name="junit_standard" classname="app.getxray.xray.it.import_results.XrayDatacenterIT" time="6" started-at="2026-03-19T11:26:09.350057" finished-at="2026-03-19T11:26:15.969844">
<system-out><![CDATA[
unique-id: [engine:junit-jupiter]/[class:app.getxray.xray.it.import_results.XrayDatacenterIT]/[method:junit_standard(com.soebes.itf.jupiter.maven.MavenExecutionResult)]
display-name: junit standard (DC)
]]></system-out>
<properties>
<property name="requirements" value="XMP-2"/>
<property name="test_summary" value="junit standard (DC)"/>
<property name="_dummy_" value=""/>
</properties>
</testcase>
<testcase name="junit_multipart_customize_test_issues" classname="app.getxray.xray.it.import_results.XrayCloudIT" time="8" started-at="2026-03-19T11:27:34.22397" finished-at="2026-03-19T11:27:42.842062">
<system-out><![CDATA[
unique-id: [engine:junit-jupiter]/[class:app.getxray.xray.it.import_results.XrayCloudIT]/[method:junit_multipart_customize_test_issues(com.soebes.itf.jupiter.maven.MavenExecutionResult)]
display-name: junit multipart customize test issues (cloud)
]]></system-out>
<properties>
<property name="requirements" value="XMP-3"/>
<property name="test_summary" value="junit multipart customize test issues (cloud)"/>
<property name="_dummy_" value=""/>
</properties>
</testcase>
<testcase name="single_feature" classname="app.getxray.xray.it.import_features.XrayCloudIT" time="7" started-at="2026-03-19T11:24:56.734078" finished-at="2026-03-19T11:25:03.742256">
<system-out><![CDATA[
unique-id: [engine:junit-jupiter]/[class:app.getxray.xray.it.import_features.XrayCloudIT]/[method:single_feature(com.soebes.itf.jupiter.maven.MavenExecutionResult)]
display-name: single feature (cloud)
]]></system-out>
<properties>
<property name="requirements" value="XMP-125"/>
<property name="test_summary" value="single feature (cloud)"/>
<property name="_dummy_" value=""/>
</properties>
</testcase>
<testcase name="single_feature_by_filterId" classname="app.getxray.xray.it.export_features.XrayCloudIT" time="5" started-at="2026-03-19T11:33:44.159178" finished-at="2026-03-19T11:33:49.343589">
<system-out><![CDATA[
unique-id: [engine:junit-jupiter]/[class:app.getxray.xray.it.export_features.XrayCloudIT]/[method:single_feature_by_filterId(com.soebes.itf.jupiter.maven.MavenExecutionResult)]
display-name: single feature by filter id (cloud)
]]></system-out>
<properties>
<property name="requirements" value="XMP-126"/>
<property name="test_summary" value="single feature by filter id (cloud)"/>
<property name="_dummy_" value=""/>
</properties>
</testcase>
<testcase name="xray_multipart" classname="app.getxray.xray.it.import_results.XrayDatacenterIT" time="6" started-at="2026-03-19T11:25:41.573779" finished-at="2026-03-19T11:25:48.325895">
<system-out><![CDATA[
unique-id: [engine:junit-jupiter]/[class:app.getxray.xray.it.import_results.XrayDatacenterIT]/[method:xray_multipart(com.soebes.itf.jupiter.maven.MavenExecutionResult)]
display-name: xray multipart (DC)
]]></system-out>
<properties>
<property name="requirements" value="XMP-140"/>
<property name="test_summary" value="xray multipart (DC)"/>
<property name="_dummy_" value=""/>
</properties>
</testcase>
<testcase name="below_default_timeout" classname="app.getxray.xray.it.import_results.TimeoutHandlingIT" time="54" started-at="2026-03-19T11:31:02.464069" finished-at="2026-03-19T11:31:56.694965">
<system-out><![CDATA[
unique-id: [engine:junit-jupiter]/[class:app.getxray.xray.it.import_results.TimeoutHandlingIT]/[method:below_default_timeout(com.soebes.itf.jupiter.maven.MavenExecutionResult)]
display-name: below_default_timeout(MavenExecutionResult)
]]></system-out>
<properties>
<property name="_dummy_" value=""/>
</properties>
</testcase>
<testcase name="junit_standard_using_personal_access_token" classname="app.getxray.xray.it.import_results.XrayDatacenterIT" time="6" started-at="2026-03-19T11:26:15.970245" finished-at="2026-03-19T11:26:22.828774">
<system-out><![CDATA[
unique-id: [engine:junit-jupiter]/[class:app.getxray.xray.it.import_results.XrayDatacenterIT]/[method:junit_standard_using_personal_access_token(com.soebes.itf.jupiter.maven.MavenExecutionResult)]
display-name: junit standard using personal access token (DC)
]]></system-out>
<properties>
<property name="requirements" value="XMP-2"/>
<property name="test_summary" value="junit standard using personal access token (DC)"/>
<property name="_dummy_" value=""/>
</properties>
</testcase>
<testcase name="single_feature" classname="app.getxray.xray.it.import_features.XrayDatacenterIT" time="8" started-at="2026-03-19T11:24:15.637769" finished-at="2026-03-19T11:24:24.209774">
<system-out><![CDATA[
unique-id: [engine:junit-jupiter]/[class:app.getxray.xray.it.import_features.XrayDatacenterIT]/[method:single_feature(com.soebes.itf.jupiter.maven.MavenExecutionResult)]
display-name: single feature (DC)
]]></system-out>
<properties>
<property name="requirements" value="XMP-125"/>
<property name="test_summary" value="single feature (DC)"/>
<property name="_dummy_" value=""/>
</properties>
</testcase>
<testcase name="cucumber_standard" classname="app.getxray.xray.it.import_results.XrayDatacenterIT" time="6" started-at="2026-03-19T11:25:28.073573" finished-at="2026-03-19T11:25:34.574317">
<system-out><![CDATA[
unique-id: [engine:junit-jupiter]/[class:app.getxray.xray.it.import_results.XrayDatacenterIT]/[method:cucumber_standard(com.soebes.itf.jupiter.maven.MavenExecutionResult)]
display-name: cucumber standard (DC)
]]></system-out>
<properties>
<property name="requirements" value="XMP-130"/>
<property name="test_summary" value="cucumber standard (DC)"/>
<property name="_dummy_" value=""/>
</properties>
</testcase>
<testcase name="multiple_features_update_testrepo" classname="app.getxray.xray.it.import_features.XrayDatacenterIT" time="8" started-at="2026-03-19T11:24:07.284992" finished-at="2026-03-19T11:24:15.636882">
<system-out><![CDATA[
unique-id: [engine:junit-jupiter]/[class:app.getxray.xray.it.import_features.XrayDatacenterIT]/[method:multiple_features_update_testrepo(com.soebes.itf.jupiter.maven.MavenExecutionResult)]
display-name: multiple features update testrepo (DC)
]]></system-out>
<properties>
<property name="requirements" value="XMP-125"/>
<property name="test_summary" value="multiple features update testrepo (DC)"/>
<property name="_dummy_" value=""/>
</properties>
</testcase>
<testcase name="nunit_standard" classname="app.getxray.xray.it.import_results.XrayDatacenterIT" time="5" started-at="2026-03-19T11:27:19.442473" finished-at="2026-03-19T11:27:24.85709">
<system-out><![CDATA[
unique-id: [engine:junit-jupiter]/[class:app.getxray.xray.it.import_results.XrayDatacenterIT]/[method:nunit_standard(com.soebes.itf.jupiter.maven.MavenExecutionResult)]
display-name: nunit standard (DC)
]]></system-out>
<properties>
<property name="requirements" value="XMP-133"/>
<property name="test_summary" value="nunit standard (DC)"/>
<property name="_dummy_" value=""/>
</properties>
</testcase>
<testcase name="robot_standard" classname="app.getxray.xray.it.import_results.XrayCloudIT" time="9" started-at="2026-03-19T11:27:24.886967" finished-at="2026-03-19T11:27:34.223574">
<system-out><![CDATA[
unique-id: [engine:junit-jupiter]/[class:app.getxray.xray.it.import_results.XrayCloudIT]/[method:robot_standard(com.soebes.itf.jupiter.maven.MavenExecutionResult)]
display-name: robot standard (cloud)
]]></system-out>
<properties>
<property name="requirements" value="XMP-137"/>
<property name="test_summary" value="robot standard (cloud)"/>
<property name="_dummy_" value=""/>
</properties>
</testcase>
<testcase name="nunit_standard" classname="app.getxray.xray.it.import_results.XrayCloudIT" time="5" started-at="2026-03-19T11:29:33.224455" finished-at="2026-03-19T11:29:38.795204">
<system-out><![CDATA[
unique-id: [engine:junit-jupiter]/[class:app.getxray.xray.it.import_results.XrayCloudIT]/[method:nunit_standard(com.soebes.itf.jupiter.maven.MavenExecutionResult)]
display-name: nunit standard (cloud)
]]></system-out>
<properties>
<property name="requirements" value="XMP-133"/>
<property name="test_summary" value="nunit standard (cloud)"/>
<property name="_dummy_" value=""/>
</properties>
</testcase>
<testcase name="junit_standard" classname="app.getxray.xray.it.import_results.XrayCloudIT" time="6" started-at="2026-03-19T11:28:27.331674" finished-at="2026-03-19T11:28:33.531413">
<system-out><![CDATA[
unique-id: [engine:junit-jupiter]/[class:app.getxray.xray.it.import_results.XrayCloudIT]/[method:junit_standard(com.soebes.itf.jupiter.maven.MavenExecutionResult)]
display-name: junit standard (cloud)
]]></system-out>
<properties>
<property name="requirements" value="XMP-2"/>
<property name="test_summary" value="junit standard (cloud)"/>
<property name="_dummy_" value=""/>
</properties>
</testcase>
<testcase name="robot_standard" classname="app.getxray.xray.it.import_results.XrayDatacenterIT" time="10" started-at="2026-03-19T11:25:03.766988" finished-at="2026-03-19T11:25:14.612291">
<system-out><![CDATA[
unique-id: [engine:junit-jupiter]/[class:app.getxray.xray.it.import_results.XrayDatacenterIT]/[method:robot_standard(com.soebes.itf.jupiter.maven.MavenExecutionResult)]
display-name: robot standard (DC)
]]></system-out>
<properties>
<property name="requirements" value="XMP-137"/>
<property name="test_summary" value="robot standard (DC)"/>
<property name="_dummy_" value=""/>
</properties>
</testcase>
<testcase name="multiple_features_from_directory" classname="app.getxray.xray.it.import_features.XrayCloudIT" time="7" started-at="2026-03-19T11:24:35.88439" finished-at="2026-03-19T11:24:43.129716">
<system-out><![CDATA[
unique-id: [engine:junit-jupiter]/[class:app.getxray.xray.it.import_features.XrayCloudIT]/[method:multiple_features_from_directory(com.soebes.itf.jupiter.maven.MavenExecutionResult)]
display-name: multiple features from directory (cloud)
]]></system-out>
<properties>
<property name="requirements" value="XMP-125"/>
<property name="test_summary" value="multiple features from directory (cloud)"/>
<property name="_dummy_" value=""/>
</properties>
</testcase>
<testcase name="multiple_features" classname="app.getxray.xray.it.import_features.XrayDatacenterIT" time="5" started-at="2026-03-19T11:24:01.383936" finished-at="2026-03-19T11:24:07.284188">
<system-out><![CDATA[
unique-id: [engine:junit-jupiter]/[class:app.getxray.xray.it.import_features.XrayDatacenterIT]/[method:multiple_features(com.soebes.itf.jupiter.maven.MavenExecutionResult)]
display-name: multiple features (DC)
]]></system-out>
<properties>
<property name="requirements" value="XMP-125"/>
<property name="test_summary" value="multiple features (DC)"/>
<property name="_dummy_" value=""/>
</properties>
</testcase>
<testcase name="single_feature_custom_test_precondition_info" classname="app.getxray.xray.it.import_features.XrayCloudIT" time="11" started-at="2026-03-19T11:24:24.543651" finished-at="2026-03-19T11:24:35.883877">
<system-out><![CDATA[
unique-id: [engine:junit-jupiter]/[class:app.getxray.xray.it.import_features.XrayCloudIT]/[method:single_feature_custom_test_precondition_info(com.soebes.itf.jupiter.maven.MavenExecutionResult)]
display-name: single feature custom test precondition info (cloud)
]]></system-out>
<properties>
<property name="requirements" value="XMP-125"/>
<property name="test_summary" value="single feature custom test precondition info (cloud)"/>
<property name="_dummy_" value=""/>
</properties>
</testcase>
<testcase name="single_feature_using_personal_access_token" classname="app.getxray.xray.it.import_features.XrayDatacenterIT" time="6" started-at="2026-03-19T11:23:54.723526" finished-at="2026-03-19T11:24:01.38337">
<system-out><![CDATA[
unique-id: [engine:junit-jupiter]/[class:app.getxray.xray.it.import_features.XrayDatacenterIT]/[method:single_feature_using_personal_access_token(com.soebes.itf.jupiter.maven.MavenExecutionResult)]
display-name: single feature using personal access token (DC)
]]></system-out>
<properties>
<property name="requirements" value="XMP-125"/>
<property name="test_summary" value="single feature using personal access token (DC)"/>
<property name="_dummy_" value=""/>
</properties>
</testcase>
<testcase name="nunit_multipart" classname="app.getxray.xray.it.import_results.XrayCloudIT" time="6" started-at="2026-03-19T11:28:56.436753" finished-at="2026-03-19T11:29:02.571775">
<system-out><![CDATA[
unique-id: [engine:junit-jupiter]/[class:app.getxray.xray.it.import_results.XrayCloudIT]/[method:nunit_multipart(com.soebes.itf.jupiter.maven.MavenExecutionResult)]
display-name: nunit multipart (cloud)
]]></system-out>
<properties>
<property name="requirements" value="XMP-134"/>
<property name="test_summary" value="nunit multipart (cloud)"/>
<property name="_dummy_" value=""/>
</properties>
</testcase>
<testcase name="xunit_standard" classname="app.getxray.xray.it.import_results.XrayCloudIT" time="6" started-at="2026-03-19T11:28:50.319927" finished-at="2026-03-19T11:28:56.436233">
<system-out><![CDATA[
unique-id: [engine:junit-jupiter]/[class:app.getxray.xray.it.import_results.XrayCloudIT]/[method:xunit_standard(com.soebes.itf.jupiter.maven.MavenExecutionResult)]
display-name: xunit standard (cloud)
]]></system-out>
<properties>
<property name="requirements" value="XMP-128"/>
<property name="test_summary" value="xunit standard (cloud)"/>
<property name="_dummy_" value=""/>
</properties>
</testcase>
<testcase name="exceed_default_timeout" classname="app.getxray.xray.it.import_results.TimeoutHandlingIT" time="56" started-at="2026-03-19T11:31:56.695434" finished-at="2026-03-19T11:32:53.106386">
<system-out><![CDATA[
unique-id: [engine:junit-jupiter]/[class:app.getxray.xray.it.import_results.TimeoutHandlingIT]/[method:exceed_default_timeout(com.soebes.itf.jupiter.maven.MavenExecutionResult)]
display-name: exceed_default_timeout(MavenExecutionResult)
]]></system-out>
<properties>
<property name="_dummy_" value=""/>
</properties>
</testcase>
<testcase name="single_feature_by_issueKeys_eu_region" classname="app.getxray.xray.it.export_features.XrayCloudIT" time="7" started-at="2026-03-19T11:33:36.507973" finished-at="2026-03-19T11:33:44.158125">
<system-out><![CDATA[
unique-id: [engine:junit-jupiter]/[class:app.getxray.xray.it.export_features.XrayCloudIT]/[method:single_feature_by_issueKeys_eu_region(com.soebes.itf.jupiter.maven.MavenExecutionResult)]
display-name: single feature by issue keys eu region (cloud)
]]></system-out>
<properties>
<property name="requirements" value="XMP-126"/>
<property name="test_summary" value="single feature by issue keys eu region (cloud)"/>
<property name="_dummy_" value=""/>
</properties>
</testcase>
<testcase name="xunit_multipart" classname="app.getxray.xray.it.import_results.XrayCloudIT" time="5" started-at="2026-03-19T11:28:14.931115" finished-at="2026-03-19T11:28:20.628334">
<system-out><![CDATA[
unique-id: [engine:junit-jupiter]/[class:app.getxray.xray.it.import_results.XrayCloudIT]/[method:xunit_multipart(com.soebes.itf.jupiter.maven.MavenExecutionResult)]
display-name: xunit multipart (cloud)
]]></system-out>
<properties>
<property name="requirements" value="XMP-129"/>
<property name="test_summary" value="xunit multipart (cloud)"/>
<property name="_dummy_" value=""/>
</properties>
</testcase>
<testcase name="robot_multipart" classname="app.getxray.xray.it.import_results.XrayCloudIT" time="10" started-at="2026-03-19T11:29:15.604172" finished-at="2026-03-19T11:29:26.185021">
<system-out><![CDATA[
unique-id: [engine:junit-jupiter]/[class:app.getxray.xray.it.import_results.XrayCloudIT]/[method:robot_multipart(com.soebes.itf.jupiter.maven.MavenExecutionResult)]
display-name: robot multipart (cloud)
]]></system-out>
<properties>
<property name="requirements" value="XMP-138"/>
<property name="test_summary" value="robot multipart (cloud)"/>
<property name="_dummy_" value=""/>
</properties>
</testcase>
<testcase name="multiple_features_from_directory" classname="app.getxray.xray.it.import_features.XrayDatacenterIT" time="10" started-at="2026-03-19T11:23:44.662511" finished-at="2026-03-19T11:23:54.722789">
<system-out><![CDATA[
unique-id: [engine:junit-jupiter]/[class:app.getxray.xray.it.import_features.XrayDatacenterIT]/[method:multiple_features_from_directory(com.soebes.itf.jupiter.maven.MavenExecutionResult)]
display-name: multiple features from directory (DC)
]]></system-out>
<properties>
<property name="requirements" value="XMP-125"/>
<property name="test_summary" value="multiple features from directory (DC)"/>
<property name="_dummy_" value=""/>
</properties>
</testcase>
<testcase name="single_feature_by_filterId" classname="app.getxray.xray.it.export_features.XrayDatacenterIT" time="5" started-at="2026-03-19T11:33:16.774919" finished-at="2026-03-19T11:33:22.050908">
<system-out><![CDATA[
unique-id: [engine:junit-jupiter]/[class:app.getxray.xray.it.export_features.XrayDatacenterIT]/[method:single_feature_by_filterId(com.soebes.itf.jupiter.maven.MavenExecutionResult)]
display-name: single feature by filter id (DC)
]]></system-out>
<properties>
<property name="requirements" value="XMP-126"/>
<property name="test_summary" value="single feature by filter id (DC)"/>
<property name="_dummy_" value=""/>
</properties>
</testcase>
<testcase name="single_feature_by_issueKeys" classname="app.getxray.xray.it.export_features.XrayCloudIT" time="9" started-at="2026-03-19T11:33:27.236748" finished-at="2026-03-19T11:33:36.507549">
<system-out><![CDATA[
unique-id: [engine:junit-jupiter]/[class:app.getxray.xray.it.export_features.XrayCloudIT]/[method:single_feature_by_issueKeys(com.soebes.itf.jupiter.maven.MavenExecutionResult)]
display-name: single feature by issue keys (cloud)
]]></system-out>
<properties>
<property name="requirements" value="XMP-126"/>
<property name="test_summary" value="single feature by issue keys (cloud)"/>
<property name="_dummy_" value=""/>
</properties>
</testcase>
<testcase name="behave_multipart" classname="app.getxray.xray.it.import_results.XrayDatacenterIT" time="6" started-at="2026-03-19T11:25:21.828669" finished-at="2026-03-19T11:25:28.073118">
<system-out><![CDATA[
unique-id: [engine:junit-jupiter]/[class:app.getxray.xray.it.import_results.XrayDatacenterIT]/[method:behave_multipart(com.soebes.itf.jupiter.maven.MavenExecutionResult)]
display-name: behave multipart (DC)
]]></system-out>
<properties>
<property name="requirements" value="XMP-136"/>
<property name="test_summary" value="behave multipart (DC)"/>
<property name="_dummy_" value=""/>
</properties>
</testcase>
<testcase name="junit_multipart_customize_test_issues" classname="app.getxray.xray.it.import_results.XrayDatacenterIT" time="7" started-at="2026-03-19T11:25:14.612862" finished-at="2026-03-19T11:25:21.828261">
<system-out><![CDATA[
unique-id: [engine:junit-jupiter]/[class:app.getxray.xray.it.import_results.XrayDatacenterIT]/[method:junit_multipart_customize_test_issues(com.soebes.itf.jupiter.maven.MavenExecutionResult)]
display-name: junit multipart customize test issues (DC)
]]></system-out>
<properties>
<property name="requirements" value="XMP-3"/>
<property name="test_summary" value="junit multipart customize test issues (DC)"/>
<property name="_dummy_" value=""/>
</properties>
</testcase>
<testcase name="junit_standard_using_directory" classname="app.getxray.xray.it.import_results.XrayDatacenterIT" time="7" started-at="2026-03-19T11:26:56.585906" finished-at="2026-03-19T11:27:03.66126">
<system-out><![CDATA[
unique-id: [engine:junit-jupiter]/[class:app.getxray.xray.it.import_results.XrayDatacenterIT]/[method:junit_standard_using_directory(com.soebes.itf.jupiter.maven.MavenExecutionResult)]
display-name: junit standard using directory (DC)
]]></system-out>
<properties>
<property name="requirements" value="XMP-2"/>
<property name="test_summary" value="junit standard using directory (DC)"/>
<property name="_dummy_" value=""/>
</properties>
</testcase>
<testcase name="single_feature_custom_test_precondition_info" classname="app.getxray.xray.it.import_features.XrayDatacenterIT" time="13" started-at="2026-03-19T11:23:30.714988" finished-at="2026-03-19T11:23:44.661291">
<system-out><![CDATA[
unique-id: [engine:junit-jupiter]/[class:app.getxray.xray.it.import_features.XrayDatacenterIT]/[method:single_feature_custom_test_precondition_info(com.soebes.itf.jupiter.maven.MavenExecutionResult)]
display-name: single feature custom test precondition info (DC)
]]></system-out>
<properties>
<property name="requirements" value="XMP-125"/>
<property name="test_summary" value="single feature custom test precondition info (DC)"/>
<property name="_dummy_" value=""/>
</properties>
</testcase>
<testcase name="junit_multipart" classname="app.getxray.xray.it.import_results.XrayDatacenterIT" time="7" started-at="2026-03-19T11:26:02.029217" finished-at="2026-03-19T11:26:09.349519">
<system-out><![CDATA[
unique-id: [engine:junit-jupiter]/[class:app.getxray.xray.it.import_results.XrayDatacenterIT]/[method:junit_multipart(com.soebes.itf.jupiter.maven.MavenExecutionResult)]
display-name: junit multipart (DC)
]]></system-out>
<properties>
<property name="requirements" value="XMP-3"/>
<property name="test_summary" value="junit multipart (DC)"/>
<property name="_dummy_" value=""/>
</properties>
</testcase>
<testcase name="testng_standard" classname="app.getxray.xray.it.import_results.XrayCloudIT" time="9" started-at="2026-03-19T11:28:40.512168" finished-at="2026-03-19T11:28:50.31948">
<system-out><![CDATA[
unique-id: [engine:junit-jupiter]/[class:app.getxray.xray.it.import_results.XrayCloudIT]/[method:testng_standard(com.soebes.itf.jupiter.maven.MavenExecutionResult)]
display-name: testng standard (cloud)
]]></system-out>
<properties>
<property name="requirements" value="XMP-4"/>
<property name="test_summary" value="testng standard (cloud)"/>
<property name="_dummy_" value=""/>
</properties>
</testcase>
<testcase name="behave_standard" classname="app.getxray.xray.it.import_results.XrayCloudIT" time="6" started-at="2026-03-19T11:27:56.021681" finished-at="2026-03-19T11:28:02.613413">
<system-out><![CDATA[
unique-id: [engine:junit-jupiter]/[class:app.getxray.xray.it.import_results.XrayCloudIT]/[method:behave_standard(com.soebes.itf.jupiter.maven.MavenExecutionResult)]
display-name: behave standard (cloud)
]]></system-out>
<properties>
<property name="requirements" value="XMP-135"/>
<property name="test_summary" value="behave standard (cloud)"/>
<property name="_dummy_" value=""/>
</properties>
</testcase>
<testcase name="robot_multipart" classname="app.getxray.xray.it.import_results.XrayDatacenterIT" time="9" started-at="2026-03-19T11:27:03.662145" finished-at="2026-03-19T11:27:12.996828">
<system-out><![CDATA[
unique-id: [engine:junit-jupiter]/[class:app.getxray.xray.it.import_results.XrayDatacenterIT]/[method:robot_multipart(com.soebes.itf.jupiter.maven.MavenExecutionResult)]
display-name: robot multipart (DC)
]]></system-out>
<properties>
<property name="requirements" value="XMP-138"/>
<property name="test_summary" value="robot multipart (DC)"/>
<property name="_dummy_" value=""/>
</properties>
</testcase>
<testcase name="xray_standard_with_verbose_mode" classname="app.getxray.xray.it.import_results.XrayCloudIT" time="6" started-at="2026-03-19T11:28:33.53199" finished-at="2026-03-19T11:28:40.511817">
<system-out><![CDATA[
unique-id: [engine:junit-jupiter]/[class:app.getxray.xray.it.import_results.XrayCloudIT]/[method:xray_standard_with_verbose_mode(com.soebes.itf.jupiter.maven.MavenExecutionResult)]
display-name: xray standard with verbose mode (cloud)
]]></system-out>
<properties>
<property name="requirements" value="XMP-132"/>
<property name="test_summary" value="xray standard with verbose mode (cloud)"/>
<property name="_dummy_" value=""/>
</properties>
</testcase>
<testcase name="cucumber_multipart" classname="app.getxray.xray.it.import_results.XrayCloudIT" time="6" started-at="2026-03-19T11:29:02.572249" finished-at="2026-03-19T11:29:08.846277">
<system-out><![CDATA[
unique-id: [engine:junit-jupiter]/[class:app.getxray.xray.it.import_results.XrayCloudIT]/[method:cucumber_multipart(com.soebes.itf.jupiter.maven.MavenExecutionResult)]
display-name: cucumber multipart (cloud)
]]></system-out>
<properties>
<property name="requirements" value="XMP-131"/>
<property name="test_summary" value="cucumber multipart (cloud)"/>
<property name="_dummy_" value=""/>
</properties>
</testcase>
<testcase name="testng_standard" classname="app.getxray.xray.it.import_results.XrayDatacenterIT" time="7" started-at="2026-03-19T11:26:29.670386" finished-at="2026-03-19T11:26:36.884207">
<system-out><![CDATA[
unique-id: [engine:junit-jupiter]/[class:app.getxray.xray.it.import_results.XrayDatacenterIT]/[method:testng_standard(com.soebes.itf.jupiter.maven.MavenExecutionResult)]
display-name: testng standard (DC)
]]></system-out>
<properties>
<property name="requirements" value="XMP-4"/>
<property name="test_summary" value="testng standard (DC)"/>
<property name="_dummy_" value=""/>
</properties>
</testcase>
<testcase name="single_feature_eu_region" classname="app.getxray.xray.it.import_features.XrayCloudIT" time="6" started-at="2026-03-19T11:24:50.27552" finished-at="2026-03-19T11:24:56.733714">
<system-out><![CDATA[
unique-id: [engine:junit-jupiter]/[class:app.getxray.xray.it.import_features.XrayCloudIT]/[method:single_feature_eu_region(com.soebes.itf.jupiter.maven.MavenExecutionResult)]
display-name: single feature eu region (cloud)
]]></system-out>
<properties>
<property name="requirements" value="XMP-125"/>
<property name="test_summary" value="single feature eu region (cloud)"/>
<property name="_dummy_" value=""/>
</properties>
</testcase>
<testcase name="cucumber_multipart" classname="app.getxray.xray.it.import_results.XrayDatacenterIT" time="6" started-at="2026-03-19T11:26:49.834186" finished-at="2026-03-19T11:26:56.585507">
<system-out><![CDATA[
unique-id: [engine:junit-jupiter]/[class:app.getxray.xray.it.import_results.XrayDatacenterIT]/[method:cucumber_multipart(com.soebes.itf.jupiter.maven.MavenExecutionResult)]
display-name: cucumber multipart (DC)
]]></system-out>
<properties>
<property name="requirements" value="XMP-131"/>
<property name="test_summary" value="cucumber multipart (DC)"/>
<property name="_dummy_" value=""/>
</properties>
</testcase>
<testcase name="below_default_timeout_cloud" classname="app.getxray.xray.it.import_results.TimeoutHandlingIT" time="9" started-at="2026-03-19T11:30:53.347974" finished-at="2026-03-19T11:31:02.462949">
<system-out><![CDATA[
unique-id: [engine:junit-jupiter]/[class:app.getxray.xray.it.import_results.TimeoutHandlingIT]/[method:below_default_timeout_cloud(com.soebes.itf.jupiter.maven.MavenExecutionResult)]
display-name: below_default_timeout_cloud(MavenExecutionResult)
]]></system-out>
<properties>
<property name="_dummy_" value=""/>
</properties>
</testcase>
<testcase name="behave_standard" classname="app.getxray.xray.it.import_results.XrayDatacenterIT" time="6" started-at="2026-03-19T11:25:34.574977" finished-at="2026-03-19T11:25:41.573305">
<system-out><![CDATA[
unique-id: [engine:junit-jupiter]/[class:app.getxray.xray.it.import_results.XrayDatacenterIT]/[method:behave_standard(com.soebes.itf.jupiter.maven.MavenExecutionResult)]
display-name: behave standard (DC)
]]></system-out>
<properties>
<property name="requirements" value="XMP-135"/>
<property name="test_summary" value="behave standard (DC)"/>
<property name="_dummy_" value=""/>
</properties>
</testcase>
<testcase name="testng_multipart" classname="app.getxray.xray.it.import_results.XrayDatacenterIT" time="6" started-at="2026-03-19T11:25:48.326715" finished-at="2026-03-19T11:25:54.899413">
<system-out><![CDATA[
unique-id: [engine:junit-jupiter]/[class:app.getxray.xray.it.import_results.XrayDatacenterIT]/[method:testng_multipart(com.soebes.itf.jupiter.maven.MavenExecutionResult)]
display-name: testng multipart (DC)
]]></system-out>
<properties>
<property name="requirements" value="XMP-139"/>
<property name="test_summary" value="testng multipart (DC)"/>
<property name="_dummy_" value=""/>
</properties>
</testcase>
<testcase name="xray_standard" classname="app.getxray.xray.it.import_results.XrayDatacenterIT" time="6" started-at="2026-03-19T11:27:12.997214" finished-at="2026-03-19T11:27:19.442103">
<system-out><![CDATA[
unique-id: [engine:junit-jupiter]/[class:app.getxray.xray.it.import_results.XrayDatacenterIT]/[method:xray_standard(com.soebes.itf.jupiter.maven.MavenExecutionResult)]
display-name: xray standard (DC)
]]></system-out>
<properties>
<property name="requirements" value="XMP-132"/>
<property name="test_summary" value="xray standard (DC)"/>
<property name="_dummy_" value=""/>
</properties>
</testcase>
<testcase name="xray_standard" classname="app.getxray.xray.it.import_results.XrayCloudIT" time="7" started-at="2026-03-19T11:29:26.185663" finished-at="2026-03-19T11:29:33.224145">
<system-out><![CDATA[
unique-id: [engine:junit-jupiter]/[class:app.getxray.xray.it.import_results.XrayCloudIT]/[method:xray_standard(com.soebes.itf.jupiter.maven.MavenExecutionResult)]
display-name: xray standard (cloud)
]]></system-out>
<properties>
<property name="requirements" value="XMP-132"/>
<property name="test_summary" value="xray standard (cloud)"/>
<property name="_dummy_" value=""/>
</properties>
</testcase>
<testcase name="exceed_default_timeout_cloud" classname="app.getxray.xray.it.import_results.TimeoutHandlingIT" time="56" started-at="2026-03-19T11:29:56.703186" finished-at="2026-03-19T11:30:53.346673">
<system-out><![CDATA[
unique-id: [engine:junit-jupiter]/[class:app.getxray.xray.it.import_results.TimeoutHandlingIT]/[method:exceed_default_timeout_cloud(com.soebes.itf.jupiter.maven.MavenExecutionResult)]
display-name: exceed_default_timeout_cloud(MavenExecutionResult)
]]></system-out>
<properties>
<property name="_dummy_" value=""/>
</properties>
</testcase>
<testcase name="testng_multipart" classname="app.getxray.xray.it.import_results.XrayCloudIT" time="6" started-at="2026-03-19T11:28:08.88079" finished-at="2026-03-19T11:28:14.930767">
<system-out><![CDATA[
unique-id: [engine:junit-jupiter]/[class:app.getxray.xray.it.import_results.XrayCloudIT]/[method:testng_multipart(com.soebes.itf.jupiter.maven.MavenExecutionResult)]
display-name: testng multipart (cloud)
]]></system-out>
<properties>
<property name="requirements" value="XMP-139"/>
<property name="test_summary" value="testng multipart (cloud)"/>
<property name="_dummy_" value=""/>
</properties>
</testcase>
<testcase name="xray_standard_eu_region" classname="app.getxray.xray.it.import_results.XrayCloudIT" time="6" started-at="2026-03-19T11:29:08.846741" finished-at="2026-03-19T11:29:15.60356">
<system-out><![CDATA[
unique-id: [engine:junit-jupiter]/[class:app.getxray.xray.it.import_results.XrayCloudIT]/[method:xray_standard_eu_region(com.soebes.itf.jupiter.maven.MavenExecutionResult)]
display-name: xray standard eu region (cloud)
]]></system-out>
<properties>
<property name="requirements" value="XMP-132"/>
<property name="test_summary" value="xray standard eu region (cloud)"/>
<property name="_dummy_" value=""/>
</properties>
</testcase>
<testcase name="exceed_configured_timeout_cloud" classname="app.getxray.xray.it.import_results.TimeoutHandlingIT" time="6" started-at="2026-03-19T11:32:59.630204" finished-at="2026-03-19T11:33:06.584906">
<system-out><![CDATA[
unique-id: [engine:junit-jupiter]/[class:app.getxray.xray.it.import_results.TimeoutHandlingIT]/[method:exceed_configured_timeout_cloud(com.soebes.itf.jupiter.maven.MavenExecutionResult)]
display-name: exceed_configured_timeout_cloud(MavenExecutionResult)
]]></system-out>
<properties>
<property name="_dummy_" value=""/>
</properties>
</testcase>
<testcase name="behave_multipart" classname="app.getxray.xray.it.import_results.XrayCloudIT" time="6" started-at="2026-03-19T11:27:42.844267" finished-at="2026-03-19T11:27:48.96926">
<system-out><![CDATA[
unique-id: [engine:junit-jupiter]/[class:app.getxray.xray.it.import_results.XrayCloudIT]/[method:behave_multipart(com.soebes.itf.jupiter.maven.MavenExecutionResult)]
display-name: behave multipart (cloud)
]]></system-out>
<properties>
<property name="requirements" value="XMP-136"/>
<property name="test_summary" value="behave multipart (cloud)"/>
<property name="_dummy_" value=""/>
</properties>
</testcase>
<testcase name="junit_multipart" classname="app.getxray.xray.it.import_results.XrayCloudIT" time="6" started-at="2026-03-19T11:28:20.628769" finished-at="2026-03-19T11:28:27.33121">
<system-out><![CDATA[
unique-id: [engine:junit-jupiter]/[class:app.getxray.xray.it.import_results.XrayCloudIT]/[method:junit_multipart(com.soebes.itf.jupiter.maven.MavenExecutionResult)]
display-name: junit multipart (cloud)
]]></system-out>
<properties>
<property name="requirements" value="XMP-3"/>
<property name="test_summary" value="junit multipart (cloud)"/>
<property name="_dummy_" value=""/>
</properties>
</testcase>
<testcase name="below_configured_timeout_cloud" classname="app.getxray.xray.it.import_results.TimeoutHandlingIT" time="6" started-at="2026-03-19T11:32:53.107805" finished-at="2026-03-19T11:32:59.629834">
<system-out><![CDATA[
unique-id: [engine:junit-jupiter]/[class:app.getxray.xray.it.import_results.TimeoutHandlingIT]/[method:below_configured_timeout_cloud(com.soebes.itf.jupiter.maven.MavenExecutionResult)]
display-name: below_configured_timeout_cloud(MavenExecutionResult)
]]></system-out>
<properties>
<property name="_dummy_" value=""/>
</properties>
</testcase>
<testcase name="multiple_features" classname="app.getxray.xray.it.import_features.XrayCloudIT" time="7" started-at="2026-03-19T11:24:43.130231" finished-at="2026-03-19T11:24:50.274505">
<system-out><![CDATA[
unique-id: [engine:junit-jupiter]/[class:app.getxray.xray.it.import_features.XrayCloudIT]/[method:multiple_features(com.soebes.itf.jupiter.maven.MavenExecutionResult)]
display-name: multiple features (cloud)
]]></system-out>
<properties>
<property name="requirements" value="XMP-125"/>
<property name="test_summary" value="multiple features (cloud)"/>
<property name="_dummy_" value=""/>
</properties>
</testcase>
<testcase name="xunit_standard" classname="app.getxray.xray.it.import_results.XrayDatacenterIT" time="6" started-at="2026-03-19T11:26:36.884566" finished-at="2026-03-19T11:26:43.386601">
<system-out><![CDATA[
unique-id: [engine:junit-jupiter]/[class:app.getxray.xray.it.import_results.XrayDatacenterIT]/[method:xunit_standard(com.soebes.itf.jupiter.maven.MavenExecutionResult)]
display-name: xunit standard (DC)
]]></system-out>
<properties>
<property name="requirements" value="XMP-128"/>
<property name="test_summary" value="xunit standard (DC)"/>
<property name="_dummy_" value=""/>
</properties>
</testcase>
<testcase name="single_feature_by_issueKeys" classname="app.getxray.xray.it.export_features.XrayDatacenterIT" time="9" started-at="2026-03-19T11:33:07.107266" finished-at="2026-03-19T11:33:16.774482">
<system-out><![CDATA[
unique-id: [engine:junit-jupiter]/[class:app.getxray.xray.it.export_features.XrayDatacenterIT]/[method:single_feature_by_issueKeys(com.soebes.itf.jupiter.maven.MavenExecutionResult)]
display-name: single feature by issue keys (DC)
]]></system-out>
<properties>
<property name="requirements" value="XMP-126"/>
<property name="test_summary" value="single feature by issue keys (DC)"/>
<property name="_dummy_" value=""/>
</properties>
</testcase>
<testcase name="single_feature_by_issueKeys_using_personal_access_token" classname="app.getxray.xray.it.export_features.XrayDatacenterIT" time="5" started-at="2026-03-19T11:33:22.051196" finished-at="2026-03-19T11:33:27.218957">
<system-out><![CDATA[
unique-id: [engine:junit-jupiter]/[class:app.getxray.xray.it.export_features.XrayDatacenterIT]/[method:single_feature_by_issueKeys_using_personal_access_token(com.soebes.itf.jupiter.maven.MavenExecutionResult)]
display-name: single feature by issue keys using personal access token (DC)
]]></system-out>
<properties>
<property name="requirements" value="XMP-126"/>
<property name="test_summary" value="single feature by issue keys using personal access token (DC)"/>
<property name="_dummy_" value=""/>
</properties>
</testcase>
<testcase name="below_configured_timeout" classname="app.getxray.xray.it.import_results.TimeoutHandlingIT" time="7" started-at="2026-03-19T11:29:49.227906" finished-at="2026-03-19T11:29:56.702619">
<system-out><![CDATA[
unique-id: [engine:junit-jupiter]/[class:app.getxray.xray.it.import_results.TimeoutHandlingIT]/[method:below_configured_timeout(com.soebes.itf.jupiter.maven.MavenExecutionResult)]
display-name: below_configured_timeout(MavenExecutionResult)
]]></system-out>
<properties>
<property name="_dummy_" value=""/>
</properties>
</testcase>
<testcase name="xunit_multipart" classname="app.getxray.xray.it.import_results.XrayDatacenterIT" time="7" started-at="2026-03-19T11:25:54.899954" finished-at="2026-03-19T11:26:02.028788">
<system-out><![CDATA[
unique-id: [engine:junit-jupiter]/[class:app.getxray.xray.it.import_results.XrayDatacenterIT]/[method:xunit_multipart(com.soebes.itf.jupiter.maven.MavenExecutionResult)]
display-name: xunit multipart (DC)
]]></system-out>
<properties>
<property name="requirements" value="XMP-129"/>
<property name="test_summary" value="xunit multipart (DC)"/>
<property name="_dummy_" value=""/>
</properties>
</testcase>
<testcase name="exceed_configured_timeout" classname="app.getxray.xray.it.import_results.TimeoutHandlingIT" time="10" started-at="2026-03-19T11:29:38.815133" finished-at="2026-03-19T11:29:49.227539">
<system-out><![CDATA[
unique-id: [engine:junit-jupiter]/[class:app.getxray.xray.it.import_results.TimeoutHandlingIT]/[method:exceed_configured_timeout(com.soebes.itf.jupiter.maven.MavenExecutionResult)]
display-name: exceed_configured_timeout(MavenExecutionResult)
]]></system-out>
<properties>
<property name="_dummy_" value=""/>
</properties>
</testcase>
<testcase name="nunit_multipart" classname="app.getxray.xray.it.import_results.XrayDatacenterIT" time="6" started-at="2026-03-19T11:26:43.387009" finished-at="2026-03-19T11:26:49.833845">
<system-out><![CDATA[
unique-id: [engine:junit-jupiter]/[class:app.getxray.xray.it.import_results.XrayDatacenterIT]/[method:nunit_multipart(com.soebes.itf.jupiter.maven.MavenExecutionResult)]
display-name: nunit multipart (DC)
]]></system-out>
<properties>
<property name="requirements" value="XMP-134"/>
<property name="test_summary" value="nunit multipart (DC)"/>
<property name="_dummy_" value=""/>
</properties>
</testcase>
<testcase name="cucumber_standard" classname="app.getxray.xray.it.import_results.XrayCloudIT" time="7" started-at="2026-03-19T11:27:48.970518" finished-at="2026-03-19T11:27:56.021347">
<system-out><![CDATA[
unique-id: [engine:junit-jupiter]/[class:app.getxray.xray.it.import_results.XrayCloudIT]/[method:cucumber_standard(com.soebes.itf.jupiter.maven.MavenExecutionResult)]
display-name: cucumber standard (cloud)
]]></system-out>
<properties>
<property name="requirements" value="XMP-130"/>
<property name="test_summary" value="cucumber standard (cloud)"/>
<property name="_dummy_" value=""/>
</properties>
</testcase>
<testcase name="xray_multipart" classname="app.getxray.xray.it.import_results.XrayCloudIT" time="6" started-at="2026-03-19T11:28:02.614783" finished-at="2026-03-19T11:28:08.880359">
<system-out><![CDATA[
unique-id: [engine:junit-jupiter]/[class:app.getxray.xray.it.import_results.XrayCloudIT]/[method:xray_multipart(com.soebes.itf.jupiter.maven.MavenExecutionResult)]
display-name: xray multipart (cloud)
]]></system-out>
<properties>
<property name="requirements" value="XMP-140"/>
<property name="test_summary" value="xray multipart (cloud)"/>
<property name="_dummy_" value=""/>
</properties>
</testcase>
<testcase name="xray_standard_with_verbose_mode" classname="app.getxray.xray.it.import_results.XrayDatacenterIT" time="6" started-at="2026-03-19T11:26:22.829655" finished-at="2026-03-19T11:26:29.670025">
<system-out><![CDATA[
unique-id: [engine:junit-jupiter]/[class:app.getxray.xray.it.import_results.XrayDatacenterIT]/[method:xray_standard_with_verbose_mode(com.soebes.itf.jupiter.maven.MavenExecutionResult)]
display-name: xray standard with verbose mode (DC)
]]></system-out>
<properties>
<property name="requirements" value="XMP-231"/>
<property name="test_summary" value="xray standard with verbose mode (DC)"/>
<property name="_dummy_" value=""/>
</properties>
</testcase>
<system-out><![CDATA[
unique-id: [engine:junit-jupiter]
display-name: JUnit Jupiter
]]></system-out>
</testsuite>
